<?xml version="1.0" encoding="utf-8"?><testsuite errors="0" failures="0" name="pytest" skipped="0" tests="3" time="26.314"><testcase classname="testsuites.test_login.TestLoginPage" file="testsuites\test_login.py" line="12" name="test_title" time="10.508"></testcase><testcase classname="testsuites.test_login.TestLoginPage" file="testsuites\test_login.py" line="16" name="test_valid_credentials" time="10.266"></testcase><testcase classname="testsuites.test_login.TestLoginPage" file="testsuites\test_login.py" line="23" name="test_invalid_credentials" time="3.501"></testcase></testsuite>